== Starting run at Tue Aug  6 09:59:17 CEST 2024
== Job name: ppcgaus
== Job ID: 3115489
== Node list: aion-0036
== Submit dir: /mnt/aiongpfs/users/dmingo/paper1/gaussian_shells/convergence_check
== Number of tasks: 1
Started.
{'params': {'num_betas': 9,
            'output_posterior_samples_betas': False,
            'output_posterior_samples': True,
            'output_dir': PosixPath('output4_9')},
 'output_dir': PosixPath('output4_9'),
 'num_burnin_steps': 1000,
 'num_chains': 1,
 'burn_in_ratio': 0.05,
 'dimension': 2.0,
 'dual_adaptation_ratio': 0.8,
 'num_betas': 9,
 'num_leapfrog_steps': 20,
 'num_results': 6000,
 'step_size': 0.5}
Running REMC...
REMC finished.
Calculating marginal likelihood.
Marginal likelihood: [-2.19391506]
Writing results to output4_9/results.npz...
Finished.
No GPU/TPU found, falling back to CPU. (Set TF_CPP_MIN_LOG_LEVEL=0 and rerun for more info.)
Started.
{'params': {'num_betas': 24,
            'output_posterior_samples_betas': False,
            'output_posterior_samples': True,
            'output_dir': PosixPath('output4_24')},
 'output_dir': PosixPath('output4_24'),
 'num_burnin_steps': 1000,
 'num_chains': 1,
 'burn_in_ratio': 0.05,
 'dimension': 2.0,
 'dual_adaptation_ratio': 0.8,
 'num_betas': 24,
 'num_leapfrog_steps': 20,
 'num_results': 6000,
 'step_size': 0.5}
Running REMC...
REMC finished.
Calculating marginal likelihood.
Marginal likelihood: [-1.78343637]
Writing results to output4_24/results.npz...
Finished.
No GPU/TPU found, falling back to CPU. (Set TF_CPP_MIN_LOG_LEVEL=0 and rerun for more info.)
Started.
{'params': {'num_betas': 14,
            'output_posterior_samples_betas': False,
            'output_posterior_samples': True,
            'output_dir': PosixPath('output4_14')},
 'output_dir': PosixPath('output4_14'),
 'num_burnin_steps': 1000,
 'num_chains': 1,
 'burn_in_ratio': 0.05,
 'dimension': 2.0,
 'dual_adaptation_ratio': 0.8,
 'num_betas': 14,
 'num_leapfrog_steps': 20,
 'num_results': 6000,
 'step_size': 0.5}
Running REMC...
REMC finished.
Calculating marginal likelihood.
Marginal likelihood: [-1.8657682]
Writing results to output4_14/results.npz...
Finished.
No GPU/TPU found, falling back to CPU. (Set TF_CPP_MIN_LOG_LEVEL=0 and rerun for more info.)
Started.
{'params': {'num_betas': 10,
            'output_posterior_samples_betas': False,
            'output_posterior_samples': True,
            'output_dir': PosixPath('output4_10')},
 'output_dir': PosixPath('output4_10'),
 'num_burnin_steps': 1000,
 'num_chains': 1,
 'burn_in_ratio': 0.05,
 'dimension': 2.0,
 'dual_adaptation_ratio': 0.8,
 'num_betas': 10,
 'num_leapfrog_steps': 20,
 'num_results': 6000,
 'step_size': 0.5}
Running REMC...
REMC finished.
Calculating marginal likelihood.
Marginal likelihood: [-2.09797253]
Writing results to output4_10/results.npz...
Finished.
No GPU/TPU found, falling back to CPU. (Set TF_CPP_MIN_LOG_LEVEL=0 and rerun for more info.)
Started.
{'params': {'num_betas': 6,
            'output_posterior_samples_betas': False,
            'output_posterior_samples': True,
            'output_dir': PosixPath('output4_6')},
 'output_dir': PosixPath('output4_6'),
 'num_burnin_steps': 1000,
 'num_chains': 1,
 'burn_in_ratio': 0.05,
 'dimension': 2.0,
 'dual_adaptation_ratio': 0.8,
 'num_betas': 6,
 'num_leapfrog_steps': 20,
 'num_results': 6000,
 'step_size': 0.5}
Running REMC...
REMC finished.
Calculating marginal likelihood.
Marginal likelihood: [-2.66547844]
Writing results to output4_6/results.npz...
Finished.
No GPU/TPU found, falling back to CPU. (Set TF_CPP_MIN_LOG_LEVEL=0 and rerun for more info.)
Started.
{'params': {'num_betas': 12,
            'output_posterior_samples_betas': False,
            'output_posterior_samples': True,
            'output_dir': PosixPath('output4_12')},
 'output_dir': PosixPath('output4_12'),
 'num_burnin_steps': 1000,
 'num_chains': 1,
 'burn_in_ratio': 0.05,
 'dimension': 2.0,
 'dual_adaptation_ratio': 0.8,
 'num_betas': 12,
 'num_leapfrog_steps': 20,
 'num_results': 6000,
 'step_size': 0.5}
Running REMC...
REMC finished.
Calculating marginal likelihood.
Marginal likelihood: [-1.94753232]
Writing results to output4_12/results.npz...
Finished.
No GPU/TPU found, falling back to CPU. (Set TF_CPP_MIN_LOG_LEVEL=0 and rerun for more info.)
Started.
{'params': {'num_betas': 13,
            'output_posterior_samples_betas': False,
            'output_posterior_samples': True,
            'output_dir': PosixPath('output4_13')},
 'output_dir': PosixPath('output4_13'),
 'num_burnin_steps': 1000,
 'num_chains': 1,
 'burn_in_ratio': 0.05,
 'dimension': 2.0,
 'dual_adaptation_ratio': 0.8,
 'num_betas': 13,
 'num_leapfrog_steps': 20,
 'num_results': 6000,
 'step_size': 0.5}
Running REMC...
REMC finished.
Calculating marginal likelihood.
Marginal likelihood: [-1.90891211]
Writing results to output4_13/results.npz...
Finished.
No GPU/TPU found, falling back to CPU. (Set TF_CPP_MIN_LOG_LEVEL=0 and rerun for more info.)
Started.
{'params': {'num_betas': 17,
            'output_posterior_samples_betas': False,
            'output_posterior_samples': True,
            'output_dir': PosixPath('output4_17')},
 'output_dir': PosixPath('output4_17'),
 'num_burnin_steps': 1000,
 'num_chains': 1,
 'burn_in_ratio': 0.05,
 'dimension': 2.0,
 'dual_adaptation_ratio': 0.8,
 'num_betas': 17,
 'num_leapfrog_steps': 20,
 'num_results': 6000,
 'step_size': 0.5}
Running REMC...
REMC finished.
Calculating marginal likelihood.
Marginal likelihood: [-1.90799481]
Writing results to output4_17/results.npz...
Finished.
No GPU/TPU found, falling back to CPU. (Set TF_CPP_MIN_LOG_LEVEL=0 and rerun for more info.)
Started.
{'params': {'num_betas': 7,
            'output_posterior_samples_betas': False,
            'output_posterior_samples': True,
            'output_dir': PosixPath('output4_7')},
 'output_dir': PosixPath('output4_7'),
 'num_burnin_steps': 1000,
 'num_chains': 1,
 'burn_in_ratio': 0.05,
 'dimension': 2.0,
 'dual_adaptation_ratio': 0.8,
 'num_betas': 7,
 'num_leapfrog_steps': 20,
 'num_results': 6000,
 'step_size': 0.5}
Running REMC...
REMC finished.
Calculating marginal likelihood.
Marginal likelihood: [-2.46963838]
Writing results to output4_7/results.npz...
Finished.
No GPU/TPU found, falling back to CPU. (Set TF_CPP_MIN_LOG_LEVEL=0 and rerun for more info.)
Started.
{'params': {'num_betas': 15,
            'output_posterior_samples_betas': False,
            'output_posterior_samples': True,
            'output_dir': PosixPath('output4_15')},
 'output_dir': PosixPath('output4_15'),
 'num_burnin_steps': 1000,
 'num_chains': 1,
 'burn_in_ratio': 0.05,
 'dimension': 2.0,
 'dual_adaptation_ratio': 0.8,
 'num_betas': 15,
 'num_leapfrog_steps': 20,
 'num_results': 6000,
 'step_size': 0.5}
Running REMC...
REMC finished.
Calculating marginal likelihood.
Marginal likelihood: [-1.89411972]
Writing results to output4_15/results.npz...
Finished.
No GPU/TPU found, falling back to CPU. (Set TF_CPP_MIN_LOG_LEVEL=0 and rerun for more info.)
Started.
{'params': {'num_betas': 20,
            'output_posterior_samples_betas': False,
            'output_posterior_samples': True,
            'output_dir': PosixPath('output4_20')},
 'output_dir': PosixPath('output4_20'),
 'num_burnin_steps': 1000,
 'num_chains': 1,
 'burn_in_ratio': 0.05,
 'dimension': 2.0,
 'dual_adaptation_ratio': 0.8,
 'num_betas': 20,
 'num_leapfrog_steps': 20,
 'num_results': 6000,
 'step_size': 0.5}
Running REMC...
REMC finished.
Calculating marginal likelihood.
Marginal likelihood: [-1.81567405]
Writing results to output4_20/results.npz...
Finished.
No GPU/TPU found, falling back to CPU. (Set TF_CPP_MIN_LOG_LEVEL=0 and rerun for more info.)
Started.
{'params': {'num_betas': 32,
            'output_posterior_samples_betas': False,
            'output_posterior_samples': True,
            'output_dir': PosixPath('output4_32')},
 'output_dir': PosixPath('output4_32'),
 'num_burnin_steps': 1000,
 'num_chains': 1,
 'burn_in_ratio': 0.05,
 'dimension': 2.0,
 'dual_adaptation_ratio': 0.8,
 'num_betas': 32,
 'num_leapfrog_steps': 20,
 'num_results': 6000,
 'step_size': 0.5}
Running REMC...
REMC finished.
Calculating marginal likelihood.
Marginal likelihood: [-1.82511168]
Writing results to output4_32/results.npz...
Finished.
No GPU/TPU found, falling back to CPU. (Set TF_CPP_MIN_LOG_LEVEL=0 and rerun for more info.)
Started.
{'params': {'num_betas': 8,
            'output_posterior_samples_betas': False,
            'output_posterior_samples': True,
            'output_dir': PosixPath('output4_8')},
 'output_dir': PosixPath('output4_8'),
 'num_burnin_steps': 1000,
 'num_chains': 1,
 'burn_in_ratio': 0.05,
 'dimension': 2.0,
 'dual_adaptation_ratio': 0.8,
 'num_betas': 8,
 'num_leapfrog_steps': 20,
 'num_results': 6000,
 'step_size': 0.5}
Running REMC...
REMC finished.
Calculating marginal likelihood.
Marginal likelihood: [-2.39943656]
Writing results to output4_8/results.npz...
Finished.
No GPU/TPU found, falling back to CPU. (Set TF_CPP_MIN_LOG_LEVEL=0 and rerun for more info.)
Started.
{'params': {'num_betas': 11,
            'output_posterior_samples_betas': False,
            'output_posterior_samples': True,
            'output_dir': PosixPath('output4_11')},
 'output_dir': PosixPath('output4_11'),
 'num_burnin_steps': 1000,
 'num_chains': 1,
 'burn_in_ratio': 0.05,
 'dimension': 2.0,
 'dual_adaptation_ratio': 0.8,
 'num_betas': 11,
 'num_leapfrog_steps': 20,
 'num_results': 6000,
 'step_size': 0.5}
Running REMC...
REMC finished.
Calculating marginal likelihood.
Marginal likelihood: [-2.09043975]
Writing results to output4_11/results.npz...
Finished.
No GPU/TPU found, falling back to CPU. (Set TF_CPP_MIN_LOG_LEVEL=0 and rerun for more info.)
Started.
{'params': {'num_betas': 16,
            'output_posterior_samples_betas': False,
            'output_posterior_samples': True,
            'output_dir': PosixPath('output4_16')},
 'output_dir': PosixPath('output4_16'),
 'num_burnin_steps': 1000,
 'num_chains': 1,
 'burn_in_ratio': 0.05,
 'dimension': 2.0,
 'dual_adaptation_ratio': 0.8,
 'num_betas': 16,
 'num_leapfrog_steps': 20,
 'num_results': 6000,
 'step_size': 0.5}
Running REMC...
REMC finished.
Calculating marginal likelihood.
Marginal likelihood: [-1.90152087]
Writing results to output4_16/results.npz...
Finished.
No GPU/TPU found, falling back to CPU. (Set TF_CPP_MIN_LOG_LEVEL=0 and rerun for more info.)
Started.
{'params': {'num_betas': 21,
            'output_posterior_samples_betas': False,
            'output_posterior_samples': True,
            'output_dir': PosixPath('output4_21')},
 'output_dir': PosixPath('output4_21'),
 'num_burnin_steps': 1000,
 'num_chains': 1,
 'burn_in_ratio': 0.05,
 'dimension': 2.0,
 'dual_adaptation_ratio': 0.8,
 'num_betas': 21,
 'num_leapfrog_steps': 20,
 'num_results': 6000,
 'step_size': 0.5}
Running REMC...
REMC finished.
Calculating marginal likelihood.
Marginal likelihood: [-1.80944891]
Writing results to output4_21/results.npz...
Finished.
No GPU/TPU found, falling back to CPU. (Set TF_CPP_MIN_LOG_LEVEL=0 and rerun for more info.)
Started.
{'params': {'num_betas': 23,
            'output_posterior_samples_betas': False,
            'output_posterior_samples': True,
            'output_dir': PosixPath('output4_23')},
 'output_dir': PosixPath('output4_23'),
 'num_burnin_steps': 1000,
 'num_chains': 1,
 'burn_in_ratio': 0.05,
 'dimension': 2.0,
 'dual_adaptation_ratio': 0.8,
 'num_betas': 23,
 'num_leapfrog_steps': 20,
 'num_results': 6000,
 'step_size': 0.5}
Running REMC...
REMC finished.
Calculating marginal likelihood.
Marginal likelihood: [-1.81563693]
Writing results to output4_23/results.npz...
Finished.
No GPU/TPU found, falling back to CPU. (Set TF_CPP_MIN_LOG_LEVEL=0 and rerun for more info.)
Started.
{'params': {'num_betas': 18,
            'output_posterior_samples_betas': False,
            'output_posterior_samples': True,
            'output_dir': PosixPath('output4_18')},
 'output_dir': PosixPath('output4_18'),
 'num_burnin_steps': 1000,
 'num_chains': 1,
 'burn_in_ratio': 0.05,
 'dimension': 2.0,
 'dual_adaptation_ratio': 0.8,
 'num_betas': 18,
 'num_leapfrog_steps': 20,
 'num_results': 6000,
 'step_size': 0.5}
Running REMC...
REMC finished.
Calculating marginal likelihood.
Marginal likelihood: [-1.85538064]
Writing results to output4_18/results.npz...
Finished.
No GPU/TPU found, falling back to CPU. (Set TF_CPP_MIN_LOG_LEVEL=0 and rerun for more info.)
Started.
{'params': {'num_betas': 22,
            'output_posterior_samples_betas': False,
            'output_posterior_samples': True,
            'output_dir': PosixPath('output4_22')},
 'output_dir': PosixPath('output4_22'),
 'num_burnin_steps': 1000,
 'num_chains': 1,
 'burn_in_ratio': 0.05,
 'dimension': 2.0,
 'dual_adaptation_ratio': 0.8,
 'num_betas': 22,
 'num_leapfrog_steps': 20,
 'num_results': 6000,
 'step_size': 0.5}
Running REMC...
REMC finished.
Calculating marginal likelihood.
Marginal likelihood: [-1.8188863]
Writing results to output4_22/results.npz...
Finished.
No GPU/TPU found, falling back to CPU. (Set TF_CPP_MIN_LOG_LEVEL=0 and rerun for more info.)
Started.
{'params': {'num_betas': 27,
            'output_posterior_samples_betas': False,
            'output_posterior_samples': True,
            'output_dir': PosixPath('output4_27')},
 'output_dir': PosixPath('output4_27'),
 'num_burnin_steps': 1000,
 'num_chains': 1,
 'burn_in_ratio': 0.05,
 'dimension': 2.0,
 'dual_adaptation_ratio': 0.8,
 'num_betas': 27,
 'num_leapfrog_steps': 20,
 'num_results': 6000,
 'step_size': 0.5}
Running REMC...
REMC finished.
Calculating marginal likelihood.
Marginal likelihood: [-1.80100899]
Writing results to output4_27/results.npz...
Finished.
No GPU/TPU found, falling back to CPU. (Set TF_CPP_MIN_LOG_LEVEL=0 and rerun for more info.)
Started.
{'params': {'num_betas': 31,
            'output_posterior_samples_betas': False,
            'output_posterior_samples': True,
            'output_dir': PosixPath('output4_31')},
 'output_dir': PosixPath('output4_31'),
 'num_burnin_steps': 1000,
 'num_chains': 1,
 'burn_in_ratio': 0.05,
 'dimension': 2.0,
 'dual_adaptation_ratio': 0.8,
 'num_betas': 31,
 'num_leapfrog_steps': 20,
 'num_results': 6000,
 'step_size': 0.5}
Running REMC...
REMC finished.
Calculating marginal likelihood.
Marginal likelihood: [-1.79120592]
Writing results to output4_31/results.npz...
Finished.
No GPU/TPU found, falling back to CPU. (Set TF_CPP_MIN_LOG_LEVEL=0 and rerun for more info.)
Started.
{'params': {'num_betas': 28,
            'output_posterior_samples_betas': False,
            'output_posterior_samples': True,
            'output_dir': PosixPath('output4_28')},
 'output_dir': PosixPath('output4_28'),
 'num_burnin_steps': 1000,
 'num_chains': 1,
 'burn_in_ratio': 0.05,
 'dimension': 2.0,
 'dual_adaptation_ratio': 0.8,
 'num_betas': 28,
 'num_leapfrog_steps': 20,
 'num_results': 6000,
 'step_size': 0.5}
Running REMC...
REMC finished.
Calculating marginal likelihood.
Marginal likelihood: [-1.79950491]
Writing results to output4_28/results.npz...
Finished.
No GPU/TPU found, falling back to CPU. (Set TF_CPP_MIN_LOG_LEVEL=0 and rerun for more info.)
Started.
{'params': {'num_betas': 5,
            'output_posterior_samples_betas': False,
            'output_posterior_samples': True,
            'output_dir': PosixPath('output4_5')},
 'output_dir': PosixPath('output4_5'),
 'num_burnin_steps': 1000,
 'num_chains': 1,
 'burn_in_ratio': 0.05,
 'dimension': 2.0,
 'dual_adaptation_ratio': 0.8,
 'num_betas': 5,
 'num_leapfrog_steps': 20,
 'num_results': 6000,
 'step_size': 0.5}
Running REMC...
REMC finished.
Calculating marginal likelihood.
Marginal likelihood: [-2.9732646]
Writing results to output4_5/results.npz...
Finished.
No GPU/TPU found, falling back to CPU. (Set TF_CPP_MIN_LOG_LEVEL=0 and rerun for more info.)
Started.
{'params': {'num_betas': 29,
            'output_posterior_samples_betas': False,
            'output_posterior_samples': True,
            'output_dir': PosixPath('output4_29')},
 'output_dir': PosixPath('output4_29'),
 'num_burnin_steps': 1000,
 'num_chains': 1,
 'burn_in_ratio': 0.05,
 'dimension': 2.0,
 'dual_adaptation_ratio': 0.8,
 'num_betas': 29,
 'num_leapfrog_steps': 20,
 'num_results': 6000,
 'step_size': 0.5}
Running REMC...
REMC finished.
Calculating marginal likelihood.
Marginal likelihood: [-1.75590135]
Writing results to output4_29/results.npz...
Finished.
No GPU/TPU found, falling back to CPU. (Set TF_CPP_MIN_LOG_LEVEL=0 and rerun for more info.)
Started.
{'params': {'num_betas': 19,
            'output_posterior_samples_betas': False,
            'output_posterior_samples': True,
            'output_dir': PosixPath('output4_19')},
 'output_dir': PosixPath('output4_19'),
 'num_burnin_steps': 1000,
 'num_chains': 1,
 'burn_in_ratio': 0.05,
 'dimension': 2.0,
 'dual_adaptation_ratio': 0.8,
 'num_betas': 19,
 'num_leapfrog_steps': 20,
 'num_results': 6000,
 'step_size': 0.5}
Running REMC...
REMC finished.
Calculating marginal likelihood.
Marginal likelihood: [-1.84996778]
Writing results to output4_19/results.npz...
Finished.
No GPU/TPU found, falling back to CPU. (Set TF_CPP_MIN_LOG_LEVEL=0 and rerun for more info.)
Started.
{'params': {'num_betas': 34,
            'output_posterior_samples_betas': False,
            'output_posterior_samples': True,
            'output_dir': PosixPath('output4_34')},
 'output_dir': PosixPath('output4_34'),
 'num_burnin_steps': 1000,
 'num_chains': 1,
 'burn_in_ratio': 0.05,
 'dimension': 2.0,
 'dual_adaptation_ratio': 0.8,
 'num_betas': 34,
 'num_leapfrog_steps': 20,
 'num_results': 6000,
 'step_size': 0.5}
Running REMC...
REMC finished.
Calculating marginal likelihood.
Marginal likelihood: [-1.76544682]
Writing results to output4_34/results.npz...
Finished.
No GPU/TPU found, falling back to CPU. (Set TF_CPP_MIN_LOG_LEVEL=0 and rerun for more info.)
Started.
{'params': {'num_betas': 26,
            'output_posterior_samples_betas': False,
            'output_posterior_samples': True,
            'output_dir': PosixPath('output4_26')},
 'output_dir': PosixPath('output4_26'),
 'num_burnin_steps': 1000,
 'num_chains': 1,
 'burn_in_ratio': 0.05,
 'dimension': 2.0,
 'dual_adaptation_ratio': 0.8,
 'num_betas': 26,
 'num_leapfrog_steps': 20,
 'num_results': 6000,
 'step_size': 0.5}
Running REMC...
REMC finished.
Calculating marginal likelihood.
Marginal likelihood: [-1.78908978]
Writing results to output4_26/results.npz...
Finished.
No GPU/TPU found, falling back to CPU. (Set TF_CPP_MIN_LOG_LEVEL=0 and rerun for more info.)
Started.
{'params': {'num_betas': 36,
            'output_posterior_samples_betas': False,
            'output_posterior_samples': True,
            'output_dir': PosixPath('output4_36')},
 'output_dir': PosixPath('output4_36'),
 'num_burnin_steps': 1000,
 'num_chains': 1,
 'burn_in_ratio': 0.05,
 'dimension': 2.0,
 'dual_adaptation_ratio': 0.8,
 'num_betas': 36,
 'num_leapfrog_steps': 20,
 'num_results': 6000,
 'step_size': 0.5}
Running REMC...
REMC finished.
Calculating marginal likelihood.
Marginal likelihood: [-1.81372846]
Writing results to output4_36/results.npz...
Finished.
No GPU/TPU found, falling back to CPU. (Set TF_CPP_MIN_LOG_LEVEL=0 and rerun for more info.)
Started.
{'params': {'num_betas': 25,
            'output_posterior_samples_betas': False,
            'output_posterior_samples': True,
            'output_dir': PosixPath('output4_25')},
 'output_dir': PosixPath('output4_25'),
 'num_burnin_steps': 1000,
 'num_chains': 1,
 'burn_in_ratio': 0.05,
 'dimension': 2.0,
 'dual_adaptation_ratio': 0.8,
 'num_betas': 25,
 'num_leapfrog_steps': 20,
 'num_results': 6000,
 'step_size': 0.5}
Running REMC...
REMC finished.
Calculating marginal likelihood.
Marginal likelihood: [-1.82365093]
Writing results to output4_25/results.npz...
Finished.
No GPU/TPU found, falling back to CPU. (Set TF_CPP_MIN_LOG_LEVEL=0 and rerun for more info.)
Started.
{'params': {'num_betas': 38,
            'output_posterior_samples_betas': False,
            'output_posterior_samples': True,
            'output_dir': PosixPath('output4_38')},
 'output_dir': PosixPath('output4_38'),
 'num_burnin_steps': 1000,
 'num_chains': 1,
 'burn_in_ratio': 0.05,
 'dimension': 2.0,
 'dual_adaptation_ratio': 0.8,
 'num_betas': 38,
 'num_leapfrog_steps': 20,
 'num_results': 6000,
 'step_size': 0.5}
Running REMC...
REMC finished.
Calculating marginal likelihood.
Marginal likelihood: [-1.77537459]
Writing results to output4_38/results.npz...
Finished.
No GPU/TPU found, falling back to CPU. (Set TF_CPP_MIN_LOG_LEVEL=0 and rerun for more info.)
Started.
{'params': {'num_betas': 40,
            'output_posterior_samples_betas': False,
            'output_posterior_samples': True,
            'output_dir': PosixPath('output4_40')},
 'output_dir': PosixPath('output4_40'),
 'num_burnin_steps': 1000,
 'num_chains': 1,
 'burn_in_ratio': 0.05,
 'dimension': 2.0,
 'dual_adaptation_ratio': 0.8,
 'num_betas': 40,
 'num_leapfrog_steps': 20,
 'num_results': 6000,
 'step_size': 0.5}
Running REMC...
REMC finished.
Calculating marginal likelihood.
Marginal likelihood: [-1.79704281]
Writing results to output4_40/results.npz...
Finished.
No GPU/TPU found, falling back to CPU. (Set TF_CPP_MIN_LOG_LEVEL=0 and rerun for more info.)
Started.
{'params': {'num_betas': 50,
            'output_posterior_samples_betas': False,
            'output_posterior_samples': True,
            'output_dir': PosixPath('output4_50')},
 'output_dir': PosixPath('output4_50'),
 'num_burnin_steps': 1000,
 'num_chains': 1,
 'burn_in_ratio': 0.05,
 'dimension': 2.0,
 'dual_adaptation_ratio': 0.8,
 'num_betas': 50,
 'num_leapfrog_steps': 20,
 'num_results': 6000,
 'step_size': 0.5}
Running REMC...
REMC finished.
Calculating marginal likelihood.
Marginal likelihood: [-1.77472206]
Writing results to output4_50/results.npz...
Finished.
No GPU/TPU found, falling back to CPU. (Set TF_CPP_MIN_LOG_LEVEL=0 and rerun for more info.)
Started.
{'params': {'num_betas': 48,
            'output_posterior_samples_betas': False,
            'output_posterior_samples': True,
            'output_dir': PosixPath('output4_48')},
 'output_dir': PosixPath('output4_48'),
 'num_burnin_steps': 1000,
 'num_chains': 1,
 'burn_in_ratio': 0.05,
 'dimension': 2.0,
 'dual_adaptation_ratio': 0.8,
 'num_betas': 48,
 'num_leapfrog_steps': 20,
 'num_results': 6000,
 'step_size': 0.5}
Running REMC...
REMC finished.
Calculating marginal likelihood.
Marginal likelihood: [-1.78199588]
Writing results to output4_48/results.npz...
Finished.
No GPU/TPU found, falling back to CPU. (Set TF_CPP_MIN_LOG_LEVEL=0 and rerun for more info.)
Started.
{'params': {'num_betas': 35,
            'output_posterior_samples_betas': False,
            'output_posterior_samples': True,
            'output_dir': PosixPath('output4_35')},
 'output_dir': PosixPath('output4_35'),
 'num_burnin_steps': 1000,
 'num_chains': 1,
 'burn_in_ratio': 0.05,
 'dimension': 2.0,
 'dual_adaptation_ratio': 0.8,
 'num_betas': 35,
 'num_leapfrog_steps': 20,
 'num_results': 6000,
 'step_size': 0.5}
Running REMC...
REMC finished.
Calculating marginal likelihood.
Marginal likelihood: [-1.7783229]
Writing results to output4_35/results.npz...
Finished.
No GPU/TPU found, falling back to CPU. (Set TF_CPP_MIN_LOG_LEVEL=0 and rerun for more info.)
Started.
{'params': {'num_betas': 30,
            'output_posterior_samples_betas': False,
            'output_posterior_samples': True,
            'output_dir': PosixPath('output4_30')},
 'output_dir': PosixPath('output4_30'),
 'num_burnin_steps': 1000,
 'num_chains': 1,
 'burn_in_ratio': 0.05,
 'dimension': 2.0,
 'dual_adaptation_ratio': 0.8,
 'num_betas': 30,
 'num_leapfrog_steps': 20,
 'num_results': 6000,
 'step_size': 0.5}
Running REMC...
REMC finished.
Calculating marginal likelihood.
Marginal likelihood: [-1.79202862]
Writing results to output4_30/results.npz...
Finished.
No GPU/TPU found, falling back to CPU. (Set TF_CPP_MIN_LOG_LEVEL=0 and rerun for more info.)
Started.
{'params': {'num_betas': 33,
            'output_posterior_samples_betas': False,
            'output_posterior_samples': True,
            'output_dir': PosixPath('output4_33')},
 'output_dir': PosixPath('output4_33'),
 'num_burnin_steps': 1000,
 'num_chains': 1,
 'burn_in_ratio': 0.05,
 'dimension': 2.0,
 'dual_adaptation_ratio': 0.8,
 'num_betas': 33,
 'num_leapfrog_steps': 20,
 'num_results': 6000,
 'step_size': 0.5}
Running REMC...
REMC finished.
Calculating marginal likelihood.
Marginal likelihood: [-1.78730619]
Writing results to output4_33/results.npz...
Finished.
No GPU/TPU found, falling back to CPU. (Set TF_CPP_MIN_LOG_LEVEL=0 and rerun for more info.)
Started.
{'params': {'num_betas': 43,
            'output_posterior_samples_betas': False,
            'output_posterior_samples': True,
            'output_dir': PosixPath('output4_43')},
 'output_dir': PosixPath('output4_43'),
 'num_burnin_steps': 1000,
 'num_chains': 1,
 'burn_in_ratio': 0.05,
 'dimension': 2.0,
 'dual_adaptation_ratio': 0.8,
 'num_betas': 43,
 'num_leapfrog_steps': 20,
 'num_results': 6000,
 'step_size': 0.5}
Running REMC...
REMC finished.
Calculating marginal likelihood.
Marginal likelihood: [-1.7809263]
Writing results to output4_43/results.npz...
Finished.
No GPU/TPU found, falling back to CPU. (Set TF_CPP_MIN_LOG_LEVEL=0 and rerun for more info.)
Started.
{'params': {'num_betas': 44,
            'output_posterior_samples_betas': False,
            'output_posterior_samples': True,
            'output_dir': PosixPath('output4_44')},
 'output_dir': PosixPath('output4_44'),
 'num_burnin_steps': 1000,
 'num_chains': 1,
 'burn_in_ratio': 0.05,
 'dimension': 2.0,
 'dual_adaptation_ratio': 0.8,
 'num_betas': 44,
 'num_leapfrog_steps': 20,
 'num_results': 6000,
 'step_size': 0.5}
Running REMC...
REMC finished.
Calculating marginal likelihood.
Marginal likelihood: [-1.7551856]
Writing results to output4_44/results.npz...
Finished.
No GPU/TPU found, falling back to CPU. (Set TF_CPP_MIN_LOG_LEVEL=0 and rerun for more info.)
Started.
{'params': {'num_betas': 46,
            'output_posterior_samples_betas': False,
            'output_posterior_samples': True,
            'output_dir': PosixPath('output4_46')},
 'output_dir': PosixPath('output4_46'),
 'num_burnin_steps': 1000,
 'num_chains': 1,
 'burn_in_ratio': 0.05,
 'dimension': 2.0,
 'dual_adaptation_ratio': 0.8,
 'num_betas': 46,
 'num_leapfrog_steps': 20,
 'num_results': 6000,
 'step_size': 0.5}
Running REMC...
REMC finished.
Calculating marginal likelihood.
Marginal likelihood: [-1.74705421]
Writing results to output4_46/results.npz...
Finished.
No GPU/TPU found, falling back to CPU. (Set TF_CPP_MIN_LOG_LEVEL=0 and rerun for more info.)
Started.
{'params': {'num_betas': 37,
            'output_posterior_samples_betas': False,
            'output_posterior_samples': True,
            'output_dir': PosixPath('output4_37')},
 'output_dir': PosixPath('output4_37'),
 'num_burnin_steps': 1000,
 'num_chains': 1,
 'burn_in_ratio': 0.05,
 'dimension': 2.0,
 'dual_adaptation_ratio': 0.8,
 'num_betas': 37,
 'num_leapfrog_steps': 20,
 'num_results': 6000,
 'step_size': 0.5}
Running REMC...
REMC finished.
Calculating marginal likelihood.
Marginal likelihood: [-1.77938935]
Writing results to output4_37/results.npz...
Finished.
No GPU/TPU found, falling back to CPU. (Set TF_CPP_MIN_LOG_LEVEL=0 and rerun for more info.)
Started.
{'params': {'num_betas': 39,
            'output_posterior_samples_betas': False,
            'output_posterior_samples': True,
            'output_dir': PosixPath('output4_39')},
 'output_dir': PosixPath('output4_39'),
 'num_burnin_steps': 1000,
 'num_chains': 1,
 'burn_in_ratio': 0.05,
 'dimension': 2.0,
 'dual_adaptation_ratio': 0.8,
 'num_betas': 39,
 'num_leapfrog_steps': 20,
 'num_results': 6000,
 'step_size': 0.5}
Running REMC...
REMC finished.
Calculating marginal likelihood.
Marginal likelihood: [-1.77789057]
Writing results to output4_39/results.npz...
Finished.
No GPU/TPU found, falling back to CPU. (Set TF_CPP_MIN_LOG_LEVEL=0 and rerun for more info.)
Started.
{'params': {'num_betas': 42,
            'output_posterior_samples_betas': False,
            'output_posterior_samples': True,
            'output_dir': PosixPath('output4_42')},
 'output_dir': PosixPath('output4_42'),
 'num_burnin_steps': 1000,
 'num_chains': 1,
 'burn_in_ratio': 0.05,
 'dimension': 2.0,
 'dual_adaptation_ratio': 0.8,
 'num_betas': 42,
 'num_leapfrog_steps': 20,
 'num_results': 6000,
 'step_size': 0.5}
Running REMC...
REMC finished.
Calculating marginal likelihood.
Marginal likelihood: [-1.76397901]
Writing results to output4_42/results.npz...
Finished.
No GPU/TPU found, falling back to CPU. (Set TF_CPP_MIN_LOG_LEVEL=0 and rerun for more info.)
Started.
{'params': {'num_betas': 41,
            'output_posterior_samples_betas': False,
            'output_posterior_samples': True,
            'output_dir': PosixPath('output4_41')},
 'output_dir': PosixPath('output4_41'),
 'num_burnin_steps': 1000,
 'num_chains': 1,
 'burn_in_ratio': 0.05,
 'dimension': 2.0,
 'dual_adaptation_ratio': 0.8,
 'num_betas': 41,
 'num_leapfrog_steps': 20,
 'num_results': 6000,
 'step_size': 0.5}
Running REMC...
REMC finished.
Calculating marginal likelihood.
Marginal likelihood: [-1.80881776]
Writing results to output4_41/results.npz...
Finished.
No GPU/TPU found, falling back to CPU. (Set TF_CPP_MIN_LOG_LEVEL=0 and rerun for more info.)
Started.
{'params': {'num_betas': 49,
            'output_posterior_samples_betas': False,
            'output_posterior_samples': True,
            'output_dir': PosixPath('output4_49')},
 'output_dir': PosixPath('output4_49'),
 'num_burnin_steps': 1000,
 'num_chains': 1,
 'burn_in_ratio': 0.05,
 'dimension': 2.0,
 'dual_adaptation_ratio': 0.8,
 'num_betas': 49,
 'num_leapfrog_steps': 20,
 'num_results': 6000,
 'step_size': 0.5}
Running REMC...
REMC finished.
Calculating marginal likelihood.
Marginal likelihood: [-1.73026277]
Writing results to output4_49/results.npz...
Finished.
No GPU/TPU found, falling back to CPU. (Set TF_CPP_MIN_LOG_LEVEL=0 and rerun for more info.)
Started.
{'params': {'num_betas': 45,
            'output_posterior_samples_betas': False,
            'output_posterior_samples': True,
            'output_dir': PosixPath('output4_45')},
 'output_dir': PosixPath('output4_45'),
 'num_burnin_steps': 1000,
 'num_chains': 1,
 'burn_in_ratio': 0.05,
 'dimension': 2.0,
 'dual_adaptation_ratio': 0.8,
 'num_betas': 45,
 'num_leapfrog_steps': 20,
 'num_results': 6000,
 'step_size': 0.5}
Running REMC...
REMC finished.
Calculating marginal likelihood.
Marginal likelihood: [-1.77385019]
Writing results to output4_45/results.npz...
Finished.
No GPU/TPU found, falling back to CPU. (Set TF_CPP_MIN_LOG_LEVEL=0 and rerun for more info.)
Started.
{'params': {'num_betas': 47,
            'output_posterior_samples_betas': False,
            'output_posterior_samples': True,
            'output_dir': PosixPath('output4_47')},
 'output_dir': PosixPath('output4_47'),
 'num_burnin_steps': 1000,
 'num_chains': 1,
 'burn_in_ratio': 0.05,
 'dimension': 2.0,
 'dual_adaptation_ratio': 0.8,
 'num_betas': 47,
 'num_leapfrog_steps': 20,
 'num_results': 6000,
 'step_size': 0.5}
Running REMC...
REMC finished.
Calculating marginal likelihood.
Marginal likelihood: [-1.78478136]
Writing results to output4_47/results.npz...
Finished.
No GPU/TPU found, falling back to CPU. (Set TF_CPP_MIN_LOG_LEVEL=0 and rerun for more info.)
