== Starting run at Thu Dec  8 15:14:09 CET 2022
== Job name: fourbucsreal
== Job ID: 417665
== Node list: aion-0108
== Submit dir: /mnt/irisgpfs/users/dmingo/thesis-ideas/hbv/realworld
== Number of tasks: 1
Started.
Head of dataset
        date  evapotranspiration  ...  precipitation  temperature
0 1980-01-01                 3.2  ...            2.0        27.20
1 1980-01-02                 2.5  ...            7.9        26.45
2 1980-01-03                 3.4  ...           46.5        26.80
3 1980-01-04                 3.1  ...            1.8        26.85
4 1980-01-05                 3.4  ...           26.4        26.75

[5 rows x 5 columns]
Tail of dataset
          date  evapotranspiration  ...  precipitation  temperature
361 1980-12-27                 5.2  ...            1.8        29.45
362 1980-12-28                 4.0  ...            0.0        29.40
363 1980-12-29                 3.6  ...            6.0        27.00
364 1980-12-30                 5.0  ...            0.9        28.40
365 1980-12-31                 5.2  ...           10.4        28.10

[5 rows x 5 columns]
Running REMC...
REMC finished.
            mean     sd  hdi_3%  hdi_97%  ...  mcse_sd  ess_bulk  ess_tail  r_hat
k[0]       0.245  0.148   0.038    0.521  ...    0.006     294.0     358.0    NaN
k[1]       4.023  1.356   1.843    7.073  ...    0.116      72.0     103.0    NaN
k[2]       0.127  0.036   0.072    0.188  ...    0.001     822.0     727.0    NaN
k[3]       0.183  0.097   0.083    0.315  ...    0.003     737.0     629.0    NaN
k_int[0]   1.566  1.440   0.055    4.404  ...    0.116     118.0      93.0    NaN
k_int[1]   0.948  0.394   0.295    1.749  ...    0.016     402.0     309.0    NaN
k_int[2]   0.838  0.216   0.477    1.215  ...    0.013     144.0     325.0    NaN
v_init[0]  1.209  1.270   0.084    3.751  ...    0.103     132.0     112.0    NaN
v_init[1]  0.571  0.413   0.047    1.273  ...    0.014     847.0     481.0    NaN
v_init[2]  0.631  0.474   0.059    1.537  ...    0.018     534.0     460.0    NaN
v_init[3]  1.281  1.283   0.037    3.728  ...    0.158      82.0      67.0    NaN
v_max      0.708  0.222   0.312    1.090  ...    0.009     289.0     336.0    NaN
sigma      3.429  0.128   3.177    3.650  ...    0.003    1297.0     905.0    NaN

[13 rows x 9 columns]
Calculating marginal likelihood.
Marginal likelihood: [-1004.5387859]
Writing results to /scratch/users/dmingo/thesis-ideas/hbv/study_two_3/1/results.npz...
Finished.
WARNING:absl:No GPU/TPU found, falling back to CPU. (Set TF_CPP_MIN_LOG_LEVEL=0 and rerun for more info.)
arviz - WARNING - Shape validation failed: input_shape: (1, 1500), minimum_shape: (chains=2, draws=4)
